{"/Users/olhapopova/Documents/react-app/src/main.tsx": {"path":"/Users/olhapopova/Documents/react-app/src/main.tsx","all":true,"statementMap":{"0":{"start":{"line":1,"column":0},"end":{"line":1,"column":35}},"1":{"start":{"line":2,"column":0},"end":{"line":2,"column":46}},"2":{"start":{"line":3,"column":0},"end":{"line":3,"column":21}},"3":{"start":{"line":4,"column":0},"end":{"line":4,"column":43}},"4":{"start":{"line":5,"column":0},"end":{"line":5,"column":67}},"7":{"start":{"line":8,"column":0},"end":{"line":8,"column":52}},"8":{"start":{"line":9,"column":0},"end":{"line":9,"column":14}},"9":{"start":{"line":10,"column":0},"end":{"line":10,"column":11}},"10":{"start":{"line":11,"column":0},"end":{"line":11,"column":19}},"11":{"start":{"line":12,"column":0},"end":{"line":12,"column":15}},"12":{"start":{"line":13,"column":0},"end":{"line":13,"column":2}}},"s":{"0":0,"1":0,"2":0,"3":0,"4":0,"7":0,"8":0,"9":0,"10":0,"11":0,"12":0},"branchMap":{"0":{"type":"branch","line":1,"loc":{"start":{"line":1,"column":405},"end":{"line":13,"column":2}},"locations":[{"start":{"line":1,"column":405},"end":{"line":13,"column":2}}]}},"b":{"0":[0]},"fnMap":{"0":{"name":"(empty-report)","decl":{"start":{"line":1,"column":405},"end":{"line":13,"column":2}},"loc":{"start":{"line":1,"column":405},"end":{"line":13,"column":2}},"line":1}},"f":{"0":0}}
,"/Users/olhapopova/Documents/react-app/src/components/App/App.tsx": {"path":"/Users/olhapopova/Documents/react-app/src/components/App/App.tsx","all":false,"statementMap":{"0":{"start":{"line":1,"column":0},"end":{"line":1,"column":74}},"1":{"start":{"line":2,"column":0},"end":{"line":2,"column":41}},"2":{"start":{"line":3,"column":0},"end":{"line":3,"column":77}},"3":{"start":{"line":4,"column":0},"end":{"line":4,"column":59}},"4":{"start":{"line":5,"column":0},"end":{"line":5,"column":53}},"6":{"start":{"line":7,"column":0},"end":{"line":7,"column":29}},"7":{"start":{"line":8,"column":0},"end":{"line":8,"column":10}},"8":{"start":{"line":9,"column":0},"end":{"line":9,"column":19}},"9":{"start":{"line":10,"column":0},"end":{"line":10,"column":14}},"10":{"start":{"line":11,"column":0},"end":{"line":11,"column":16}},"11":{"start":{"line":12,"column":0},"end":{"line":12,"column":45}},"12":{"start":{"line":13,"column":0},"end":{"line":13,"column":18}},"13":{"start":{"line":14,"column":0},"end":{"line":14,"column":28}},"14":{"start":{"line":15,"column":0},"end":{"line":15,"column":67}},"15":{"start":{"line":16,"column":0},"end":{"line":16,"column":14}},"16":{"start":{"line":17,"column":0},"end":{"line":17,"column":18}},"17":{"start":{"line":18,"column":0},"end":{"line":18,"column":53}},"18":{"start":{"line":19,"column":0},"end":{"line":19,"column":51}},"19":{"start":{"line":20,"column":0},"end":{"line":20,"column":17}},"20":{"start":{"line":21,"column":0},"end":{"line":21,"column":15}},"21":{"start":{"line":22,"column":0},"end":{"line":22,"column":20}},"23":{"start":{"line":24,"column":0},"end":{"line":24,"column":2}},"25":{"start":{"line":26,"column":0},"end":{"line":26,"column":19}}},"s":{"0":1,"1":1,"2":1,"3":1,"4":1,"6":1,"7":2,"8":2,"9":2,"10":2,"11":2,"12":2,"13":2,"14":2,"15":2,"16":2,"17":2,"18":2,"19":2,"20":2,"21":2,"23":2,"25":1},"branchMap":{"0":{"type":"branch","line":7,"loc":{"start":{"line":7,"column":22},"end":{"line":24,"column":2}},"locations":[{"start":{"line":7,"column":22},"end":{"line":24,"column":2}}]}},"b":{"0":[2]},"fnMap":{"0":{"name":"App","decl":{"start":{"line":7,"column":22},"end":{"line":24,"column":2}},"loc":{"start":{"line":7,"column":22},"end":{"line":24,"column":2}},"line":7}},"f":{"0":2}}
,"/Users/olhapopova/Documents/react-app/src/components/Card/Card.tsx": {"path":"/Users/olhapopova/Documents/react-app/src/components/Card/Card.tsx","all":false,"statementMap":{"0":{"start":{"line":1,"column":0},"end":{"line":1,"column":39}},"2":{"start":{"line":3,"column":0},"end":{"line":3,"column":64}},"4":{"start":{"line":5,"column":0},"end":{"line":5,"column":54}},"5":{"start":{"line":6,"column":0},"end":{"line":6,"column":33}},"6":{"start":{"line":7,"column":0},"end":{"line":7,"column":43}},"8":{"start":{"line":9,"column":0},"end":{"line":9,"column":53}},"9":{"start":{"line":10,"column":0},"end":{"line":10,"column":47}},"11":{"start":{"line":12,"column":0},"end":{"line":12,"column":29}},"12":{"start":{"line":13,"column":0},"end":{"line":13,"column":75}},"13":{"start":{"line":14,"column":0},"end":{"line":14,"column":4}},"15":{"start":{"line":16,"column":0},"end":{"line":16,"column":10}},"16":{"start":{"line":17,"column":0},"end":{"line":17,"column":55}},"17":{"start":{"line":18,"column":0},"end":{"line":18,"column":10}},"18":{"start":{"line":19,"column":0},"end":{"line":19,"column":32}},"19":{"start":{"line":20,"column":0},"end":{"line":20,"column":29}},"20":{"start":{"line":21,"column":0},"end":{"line":21,"column":28}},"21":{"start":{"line":22,"column":0},"end":{"line":22,"column":8}},"22":{"start":{"line":23,"column":0},"end":{"line":23,"column":55}},"23":{"start":{"line":24,"column":0},"end":{"line":24,"column":67}},"24":{"start":{"line":25,"column":0},"end":{"line":25,"column":10}},"26":{"start":{"line":27,"column":0},"end":{"line":27,"column":2}},"28":{"start":{"line":29,"column":0},"end":{"line":29,"column":20}}},"s":{"0":1,"2":1,"4":1,"5":10,"6":10,"8":10,"9":10,"11":10,"12":1,"13":1,"15":10,"16":10,"17":10,"18":10,"19":10,"20":10,"21":10,"22":10,"23":10,"24":10,"26":10,"28":1},"branchMap":{"0":{"type":"branch","line":5,"loc":{"start":{"line":5,"column":34},"end":{"line":27,"column":2}},"locations":[{"start":{"line":5,"column":34},"end":{"line":27,"column":2}}]},"1":{"type":"branch","line":10,"loc":{"start":{"line":10,"column":38},"end":{"line":10,"column":47}},"locations":[{"start":{"line":10,"column":38},"end":{"line":10,"column":47}}]},"2":{"type":"branch","line":12,"loc":{"start":{"line":12,"column":22},"end":{"line":14,"column":4}},"locations":[{"start":{"line":12,"column":22},"end":{"line":14,"column":4}}]}},"b":{"0":[10],"1":[8],"2":[1]},"fnMap":{"0":{"name":"Card","decl":{"start":{"line":5,"column":34},"end":{"line":27,"column":2}},"loc":{"start":{"line":5,"column":34},"end":{"line":27,"column":2}},"line":5},"1":{"name":"handleClick","decl":{"start":{"line":12,"column":22},"end":{"line":14,"column":4}},"loc":{"start":{"line":12,"column":22},"end":{"line":14,"column":4}},"line":12}},"f":{"0":10,"1":1}}
,"/Users/olhapopova/Documents/react-app/src/components/CardList/CardList.tsx": {"path":"/Users/olhapopova/Documents/react-app/src/components/CardList/CardList.tsx","all":false,"statementMap":{"0":{"start":{"line":1,"column":0},"end":{"line":1,"column":60}},"1":{"start":{"line":2,"column":0},"end":{"line":2,"column":32}},"2":{"start":{"line":3,"column":0},"end":{"line":3,"column":43}},"4":{"start":{"line":5,"column":0},"end":{"line":5,"column":76}},"5":{"start":{"line":6,"column":0},"end":{"line":6,"column":32}},"6":{"start":{"line":7,"column":0},"end":{"line":7,"column":42}},"7":{"start":{"line":8,"column":0},"end":{"line":8,"column":3}},"8":{"start":{"line":9,"column":0},"end":{"line":9,"column":10}},"9":{"start":{"line":10,"column":0},"end":{"line":10,"column":37}},"10":{"start":{"line":11,"column":0},"end":{"line":11,"column":38}},"11":{"start":{"line":12,"column":0},"end":{"line":12,"column":79}},"12":{"start":{"line":13,"column":0},"end":{"line":13,"column":9}},"13":{"start":{"line":14,"column":0},"end":{"line":14,"column":10}},"15":{"start":{"line":16,"column":0},"end":{"line":16,"column":2}},"17":{"start":{"line":18,"column":0},"end":{"line":18,"column":24}}},"s":{"0":1,"1":1,"2":1,"4":1,"5":13,"6":9,"7":9,"8":4,"9":4,"10":4,"11":8,"12":4,"13":4,"15":4,"17":1},"branchMap":{"0":{"type":"branch","line":5,"loc":{"start":{"line":5,"column":42},"end":{"line":16,"column":2}},"locations":[{"start":{"line":5,"column":42},"end":{"line":16,"column":2}}]},"1":{"type":"branch","line":6,"loc":{"start":{"line":6,"column":31},"end":{"line":8,"column":3}},"locations":[{"start":{"line":6,"column":31},"end":{"line":8,"column":3}}]},"2":{"type":"branch","line":8,"loc":{"start":{"line":8,"column":2},"end":{"line":16,"column":2}},"locations":[{"start":{"line":8,"column":2},"end":{"line":16,"column":2}}]},"3":{"type":"branch","line":11,"loc":{"start":{"line":11,"column":22},"end":{"line":12,"column":79}},"locations":[{"start":{"line":11,"column":22},"end":{"line":12,"column":79}}]}},"b":{"0":[13],"1":[9],"2":[4],"3":[8]},"fnMap":{"0":{"name":"CardList","decl":{"start":{"line":5,"column":42},"end":{"line":16,"column":2}},"loc":{"start":{"line":5,"column":42},"end":{"line":16,"column":2}},"line":5}},"f":{"0":13}}
,"/Users/olhapopova/Documents/react-app/src/components/ErrorBoundary/ErrorBoundary.tsx": {"path":"/Users/olhapopova/Documents/react-app/src/components/ErrorBoundary/ErrorBoundary.tsx","all":false,"statementMap":{"0":{"start":{"line":1,"column":0},"end":{"line":1,"column":51}},"1":{"start":{"line":2,"column":0},"end":{"line":2,"column":51}},"9":{"start":{"line":10,"column":0},"end":{"line":10,"column":65}},"10":{"start":{"line":11,"column":0},"end":{"line":11,"column":11}},"11":{"start":{"line":12,"column":0},"end":{"line":12,"column":7}},"12":{"start":{"line":13,"column":0},"end":{"line":13,"column":45}},"13":{"start":{"line":14,"column":0},"end":{"line":14,"column":20}},"14":{"start":{"line":15,"column":0},"end":{"line":15,"column":21}},"15":{"start":{"line":16,"column":0},"end":{"line":16,"column":22}},"16":{"start":{"line":17,"column":0},"end":{"line":17,"column":5}},"18":{"start":{"line":19,"column":0},"end":{"line":19,"column":19}},"19":{"start":{"line":20,"column":0},"end":{"line":20,"column":47}},"20":{"start":{"line":21,"column":0},"end":{"line":21,"column":34}},"21":{"start":{"line":22,"column":0},"end":{"line":22,"column":32}},"22":{"start":{"line":23,"column":0},"end":{"line":23,"column":21}},"23":{"start":{"line":24,"column":0},"end":{"line":24,"column":68}},"24":{"start":{"line":25,"column":0},"end":{"line":25,"column":10}},"25":{"start":{"line":26,"column":0},"end":{"line":26,"column":36}},"26":{"start":{"line":27,"column":0},"end":{"line":27,"column":6}},"28":{"start":{"line":29,"column":0},"end":{"line":29,"column":18}},"29":{"start":{"line":30,"column":0},"end":{"line":30,"column":43}},"30":{"start":{"line":31,"column":0},"end":{"line":31,"column":6}},"31":{"start":{"line":32,"column":0},"end":{"line":32,"column":9}},"33":{"start":{"line":34,"column":0},"end":{"line":34,"column":34}},"34":{"start":{"line":35,"column":0},"end":{"line":35,"column":71}},"35":{"start":{"line":36,"column":0},"end":{"line":36,"column":4}},"37":{"start":{"line":38,"column":0},"end":{"line":38,"column":57}},"38":{"start":{"line":39,"column":0},"end":{"line":39,"column":12}},"39":{"start":{"line":40,"column":0},"end":{"line":40,"column":11}},"40":{"start":{"line":41,"column":0},"end":{"line":41,"column":19}},"41":{"start":{"line":42,"column":0},"end":{"line":42,"column":43}},"42":{"start":{"line":43,"column":0},"end":{"line":43,"column":45}},"43":{"start":{"line":44,"column":0},"end":{"line":44,"column":30}},"44":{"start":{"line":45,"column":0},"end":{"line":45,"column":10}},"45":{"start":{"line":46,"column":0},"end":{"line":46,"column":18}},"46":{"start":{"line":47,"column":0},"end":{"line":47,"column":12}},"48":{"start":{"line":49,"column":0},"end":{"line":49,"column":3}},"50":{"start":{"line":51,"column":0},"end":{"line":51,"column":25}},"51":{"start":{"line":52,"column":0},"end":{"line":52,"column":2}},"53":{"start":{"line":54,"column":0},"end":{"line":54,"column":29}}},"s":{"0":1,"1":1,"9":1,"10":13,"11":13,"12":13,"13":13,"14":13,"15":13,"16":13,"18":13,"19":8,"20":8,"21":4,"22":4,"23":4,"24":4,"25":4,"26":4,"28":8,"29":8,"30":8,"31":13,"33":13,"34":1,"35":1,"37":13,"38":4,"39":4,"40":4,"41":4,"42":4,"43":4,"44":4,"45":4,"46":4,"48":4,"50":9,"51":9,"53":1},"branchMap":{"0":{"type":"branch","line":10,"loc":{"start":{"line":10,"column":63},"end":{"line":52,"column":2}},"locations":[{"start":{"line":10,"column":63},"end":{"line":52,"column":2}}]},"1":{"type":"branch","line":38,"loc":{"start":{"line":38,"column":56},"end":{"line":49,"column":3}},"locations":[{"start":{"line":38,"column":56},"end":{"line":49,"column":3}}]},"2":{"type":"branch","line":49,"loc":{"start":{"line":49,"column":2},"end":{"line":52,"column":2}},"locations":[{"start":{"line":49,"column":2},"end":{"line":52,"column":2}}]},"3":{"type":"branch","line":19,"loc":{"start":{"line":19,"column":12},"end":{"line":32,"column":5}},"locations":[{"start":{"line":19,"column":12},"end":{"line":32,"column":5}}]},"4":{"type":"branch","line":21,"loc":{"start":{"line":21,"column":20},"end":{"line":27,"column":6}},"locations":[{"start":{"line":21,"column":20},"end":{"line":27,"column":6}}]},"5":{"type":"branch","line":22,"loc":{"start":{"line":22,"column":15},"end":{"line":25,"column":8}},"locations":[{"start":{"line":22,"column":15},"end":{"line":25,"column":8}}]},"6":{"type":"branch","line":29,"loc":{"start":{"line":29,"column":11},"end":{"line":31,"column":6}},"locations":[{"start":{"line":29,"column":11},"end":{"line":31,"column":6}}]},"7":{"type":"branch","line":34,"loc":{"start":{"line":34,"column":21},"end":{"line":36,"column":4}},"locations":[{"start":{"line":34,"column":21},"end":{"line":36,"column":4}}]}},"b":{"0":[13],"1":[4],"2":[9],"3":[8],"4":[4],"5":[4],"6":[8],"7":[1]},"fnMap":{"0":{"name":"ErrorBoundary","decl":{"start":{"line":10,"column":63},"end":{"line":52,"column":2}},"loc":{"start":{"line":10,"column":63},"end":{"line":52,"column":2}},"line":10},"1":{"name":"console.error","decl":{"start":{"line":21,"column":20},"end":{"line":27,"column":6}},"loc":{"start":{"line":21,"column":20},"end":{"line":27,"column":6}},"line":21},"2":{"name":"closeModal","decl":{"start":{"line":34,"column":21},"end":{"line":36,"column":4}},"loc":{"start":{"line":34,"column":21},"end":{"line":36,"column":4}},"line":34}},"f":{"0":13,"1":4,"2":1}}
,"/Users/olhapopova/Documents/react-app/src/components/ErrorModal/ErrorModal.tsx": {"path":"/Users/olhapopova/Documents/react-app/src/components/ErrorModal/ErrorModal.tsx","all":false,"statementMap":{"0":{"start":{"line":1,"column":0},"end":{"line":1,"column":45}},"3":{"start":{"line":4,"column":0},"end":{"line":4,"column":38}},"4":{"start":{"line":5,"column":0},"end":{"line":5,"column":15}},"5":{"start":{"line":6,"column":0},"end":{"line":6,"column":16}},"6":{"start":{"line":7,"column":0},"end":{"line":7,"column":10}},"7":{"start":{"line":8,"column":0},"end":{"line":8,"column":7}},"8":{"start":{"line":9,"column":0},"end":{"line":9,"column":10}},"9":{"start":{"line":10,"column":0},"end":{"line":10,"column":54}},"10":{"start":{"line":11,"column":0},"end":{"line":11,"column":73}},"11":{"start":{"line":12,"column":0},"end":{"line":12,"column":26}},"12":{"start":{"line":13,"column":0},"end":{"line":13,"column":26}},"13":{"start":{"line":14,"column":0},"end":{"line":14,"column":13}},"14":{"start":{"line":15,"column":0},"end":{"line":15,"column":50}},"15":{"start":{"line":16,"column":0},"end":{"line":16,"column":14}},"18":{"start":{"line":19,"column":0},"end":{"line":19,"column":32}},"19":{"start":{"line":20,"column":0},"end":{"line":20,"column":37}},"20":{"start":{"line":21,"column":0},"end":{"line":21,"column":43}},"21":{"start":{"line":22,"column":0},"end":{"line":22,"column":66}},"22":{"start":{"line":23,"column":0},"end":{"line":23,"column":59}},"23":{"start":{"line":24,"column":0},"end":{"line":24,"column":23}},"24":{"start":{"line":25,"column":0},"end":{"line":25,"column":19}},"25":{"start":{"line":26,"column":0},"end":{"line":26,"column":15}},"26":{"start":{"line":27,"column":0},"end":{"line":27,"column":15}},"28":{"start":{"line":29,"column":0},"end":{"line":29,"column":35}},"31":{"start":{"line":32,"column":0},"end":{"line":32,"column":60}},"33":{"start":{"line":34,"column":0},"end":{"line":34,"column":17}},"34":{"start":{"line":35,"column":0},"end":{"line":35,"column":12}},"35":{"start":{"line":36,"column":0},"end":{"line":36,"column":10}},"37":{"start":{"line":38,"column":0},"end":{"line":38,"column":2}},"39":{"start":{"line":40,"column":0},"end":{"line":40,"column":26}}},"s":{"0":1,"3":1,"4":9,"5":9,"6":9,"7":9,"8":9,"9":9,"10":9,"11":9,"12":9,"13":4,"14":4,"15":4,"18":9,"19":9,"20":5,"21":5,"22":6,"23":6,"24":6,"25":5,"26":5,"28":4,"31":9,"33":9,"34":9,"35":9,"37":9,"39":1},"branchMap":{"0":{"type":"branch","line":4,"loc":{"start":{"line":4,"column":36},"end":{"line":38,"column":2}},"locations":[{"start":{"line":4,"column":36},"end":{"line":38,"column":2}}]},"1":{"type":"branch","line":13,"loc":{"start":{"line":13,"column":9},"end":{"line":16,"column":14}},"locations":[{"start":{"line":13,"column":9},"end":{"line":16,"column":14}}]},"2":{"type":"branch","line":20,"loc":{"start":{"line":20,"column":32},"end":{"line":27,"column":15}},"locations":[{"start":{"line":20,"column":32},"end":{"line":27,"column":15}}]},"3":{"type":"branch","line":27,"loc":{"start":{"line":27,"column":10},"end":{"line":29,"column":35}},"locations":[{"start":{"line":27,"column":10},"end":{"line":29,"column":35}}]},"4":{"type":"branch","line":11,"loc":{"start":{"line":11,"column":45},"end":{"line":11,"column":73}},"locations":[{"start":{"line":11,"column":45},"end":{"line":11,"column":73}}]},"5":{"type":"branch","line":22,"loc":{"start":{"line":22,"column":31},"end":{"line":25,"column":19}},"locations":[{"start":{"line":22,"column":31},"end":{"line":25,"column":19}}]}},"b":{"0":[9],"1":[4],"2":[5],"3":[4],"4":[2],"5":[6]},"fnMap":{"0":{"name":"ErrorModal","decl":{"start":{"line":4,"column":36},"end":{"line":38,"column":2}},"loc":{"start":{"line":4,"column":36},"end":{"line":38,"column":2}},"line":4},"1":{"name":"onClick","decl":{"start":{"line":11,"column":45},"end":{"line":11,"column":73}},"loc":{"start":{"line":11,"column":45},"end":{"line":11,"column":73}},"line":11}},"f":{"0":9,"1":2}}
,"/Users/olhapopova/Documents/react-app/src/components/Footer/Footer.tsx": {"path":"/Users/olhapopova/Documents/react-app/src/components/Footer/Footer.tsx","all":false,"statementMap":{"0":{"start":{"line":1,"column":0},"end":{"line":1,"column":41}},"1":{"start":{"line":2,"column":0},"end":{"line":2,"column":54}},"2":{"start":{"line":3,"column":0},"end":{"line":3,"column":67}},"4":{"start":{"line":5,"column":0},"end":{"line":5,"column":32}},"5":{"start":{"line":6,"column":0},"end":{"line":6,"column":10}},"6":{"start":{"line":7,"column":0},"end":{"line":7,"column":38}},"7":{"start":{"line":8,"column":0},"end":{"line":8,"column":36}},"8":{"start":{"line":9,"column":0},"end":{"line":9,"column":73}},"9":{"start":{"line":10,"column":0},"end":{"line":10,"column":13}},"10":{"start":{"line":11,"column":0},"end":{"line":11,"column":26}},"11":{"start":{"line":12,"column":0},"end":{"line":12,"column":13}},"13":{"start":{"line":14,"column":0},"end":{"line":14,"column":2}},"15":{"start":{"line":16,"column":0},"end":{"line":16,"column":22}}},"s":{"0":1,"1":1,"2":1,"4":1,"5":15,"6":15,"7":15,"8":15,"9":15,"10":15,"11":15,"13":15,"15":1},"branchMap":{"0":{"type":"branch","line":5,"loc":{"start":{"line":5,"column":25},"end":{"line":14,"column":2}},"locations":[{"start":{"line":5,"column":25},"end":{"line":14,"column":2}}]}},"b":{"0":[15]},"fnMap":{"0":{"name":"Footer","decl":{"start":{"line":5,"column":25},"end":{"line":14,"column":2}},"loc":{"start":{"line":5,"column":25},"end":{"line":14,"column":2}},"line":5}},"f":{"0":15}}
,"/Users/olhapopova/Documents/react-app/src/components/Loader/Loader.tsx": {"path":"/Users/olhapopova/Documents/react-app/src/components/Loader/Loader.tsx","all":false,"statementMap":{"0":{"start":{"line":1,"column":0},"end":{"line":1,"column":41}},"2":{"start":{"line":3,"column":0},"end":{"line":3,"column":32}},"3":{"start":{"line":4,"column":0},"end":{"line":4,"column":10}},"4":{"start":{"line":5,"column":0},"end":{"line":5,"column":66}},"5":{"start":{"line":6,"column":0},"end":{"line":6,"column":37}},"6":{"start":{"line":7,"column":0},"end":{"line":7,"column":68}},"7":{"start":{"line":8,"column":0},"end":{"line":8,"column":49}},"8":{"start":{"line":9,"column":0},"end":{"line":9,"column":12}},"9":{"start":{"line":10,"column":0},"end":{"line":10,"column":10}},"11":{"start":{"line":12,"column":0},"end":{"line":12,"column":2}},"13":{"start":{"line":14,"column":0},"end":{"line":14,"column":22}}},"s":{"0":1,"2":1,"3":12,"4":12,"5":12,"6":12,"7":12,"8":12,"9":12,"11":12,"13":1},"branchMap":{"0":{"type":"branch","line":3,"loc":{"start":{"line":3,"column":25},"end":{"line":12,"column":2}},"locations":[{"start":{"line":3,"column":25},"end":{"line":12,"column":2}}]}},"b":{"0":[12]},"fnMap":{"0":{"name":"Loader","decl":{"start":{"line":3,"column":25},"end":{"line":12,"column":2}},"loc":{"start":{"line":3,"column":25},"end":{"line":12,"column":2}},"line":3}},"f":{"0":12}}
,"/Users/olhapopova/Documents/react-app/src/components/MusicPlayer/MusicPlayer.tsx": {"path":"/Users/olhapopova/Documents/react-app/src/components/MusicPlayer/MusicPlayer.tsx","all":true,"statementMap":{"0":{"start":{"line":1,"column":0},"end":{"line":1,"column":52}},"1":{"start":{"line":2,"column":0},"end":{"line":2,"column":46}},"3":{"start":{"line":4,"column":0},"end":{"line":4,"column":16}},"4":{"start":{"line":5,"column":0},"end":{"line":5,"column":67}},"5":{"start":{"line":6,"column":0},"end":{"line":6,"column":34}},"6":{"start":{"line":7,"column":0},"end":{"line":7,"column":42}},"7":{"start":{"line":8,"column":0},"end":{"line":8,"column":2}},"9":{"start":{"line":10,"column":0},"end":{"line":10,"column":76}},"11":{"start":{"line":12,"column":0},"end":{"line":12,"column":37}},"12":{"start":{"line":13,"column":0},"end":{"line":13,"column":50}},"13":{"start":{"line":14,"column":0},"end":{"line":14,"column":45}},"14":{"start":{"line":15,"column":0},"end":{"line":15,"column":48}},"15":{"start":{"line":16,"column":0},"end":{"line":16,"column":4}},"16":{"start":{"line":17,"column":0},"end":{"line":17,"column":39}},"17":{"start":{"line":18,"column":0},"end":{"line":18,"column":55}},"18":{"start":{"line":19,"column":0},"end":{"line":19,"column":4}},"19":{"start":{"line":20,"column":0},"end":{"line":20,"column":51}},"20":{"start":{"line":21,"column":0},"end":{"line":21,"column":34}},"22":{"start":{"line":23,"column":0},"end":{"line":23,"column":33}},"23":{"start":{"line":24,"column":0},"end":{"line":24,"column":34}},"25":{"start":{"line":26,"column":0},"end":{"line":26,"column":34}},"26":{"start":{"line":27,"column":0},"end":{"line":27,"column":22}},"27":{"start":{"line":28,"column":0},"end":{"line":28,"column":15}},"28":{"start":{"line":29,"column":0},"end":{"line":29,"column":39}},"29":{"start":{"line":30,"column":0},"end":{"line":30,"column":63}},"30":{"start":{"line":31,"column":0},"end":{"line":31,"column":12}},"31":{"start":{"line":32,"column":0},"end":{"line":32,"column":31}},"32":{"start":{"line":33,"column":0},"end":{"line":33,"column":26}},"33":{"start":{"line":34,"column":0},"end":{"line":34,"column":5}},"34":{"start":{"line":35,"column":0},"end":{"line":35,"column":4}},"36":{"start":{"line":37,"column":0},"end":{"line":37,"column":78}},"37":{"start":{"line":38,"column":0},"end":{"line":38,"column":53}},"38":{"start":{"line":39,"column":0},"end":{"line":39,"column":25}},"39":{"start":{"line":40,"column":0},"end":{"line":40,"column":4}},"41":{"start":{"line":42,"column":0},"end":{"line":42,"column":32}},"42":{"start":{"line":43,"column":0},"end":{"line":43,"column":48}},"43":{"start":{"line":44,"column":0},"end":{"line":44,"column":4}},"45":{"start":{"line":46,"column":0},"end":{"line":46,"column":19}},"46":{"start":{"line":47,"column":0},"end":{"line":47,"column":57}},"47":{"start":{"line":48,"column":0},"end":{"line":48,"column":51}},"48":{"start":{"line":49,"column":0},"end":{"line":49,"column":26}},"50":{"start":{"line":51,"column":0},"end":{"line":51,"column":19}},"51":{"start":{"line":52,"column":0},"end":{"line":52,"column":34}},"53":{"start":{"line":54,"column":0},"end":{"line":54,"column":37}},"55":{"start":{"line":56,"column":0},"end":{"line":56,"column":20}},"56":{"start":{"line":57,"column":0},"end":{"line":57,"column":63}},"57":{"start":{"line":58,"column":0},"end":{"line":58,"column":5}},"58":{"start":{"line":59,"column":0},"end":{"line":59,"column":45}},"60":{"start":{"line":61,"column":0},"end":{"line":61,"column":10}},"61":{"start":{"line":62,"column":0},"end":{"line":62,"column":40}},"62":{"start":{"line":63,"column":0},"end":{"line":63,"column":75}},"63":{"start":{"line":64,"column":0},"end":{"line":64,"column":47}},"64":{"start":{"line":65,"column":0},"end":{"line":65,"column":38}},"65":{"start":{"line":66,"column":0},"end":{"line":66,"column":15}},"67":{"start":{"line":68,"column":0},"end":{"line":68,"column":12}},"68":{"start":{"line":69,"column":0},"end":{"line":69,"column":20}},"69":{"start":{"line":70,"column":0},"end":{"line":70,"column":15}},"70":{"start":{"line":71,"column":0},"end":{"line":71,"column":15}},"71":{"start":{"line":72,"column":0},"end":{"line":72,"column":19}},"72":{"start":{"line":73,"column":0},"end":{"line":73,"column":22}},"73":{"start":{"line":74,"column":0},"end":{"line":74,"column":37}},"74":{"start":{"line":75,"column":0},"end":{"line":75,"column":39}},"75":{"start":{"line":76,"column":0},"end":{"line":76,"column":8}},"77":{"start":{"line":78,"column":0},"end":{"line":78,"column":53}},"78":{"start":{"line":79,"column":0},"end":{"line":79,"column":67}},"80":{"start":{"line":81,"column":0},"end":{"line":81,"column":14}},"81":{"start":{"line":82,"column":0},"end":{"line":82,"column":10}},"83":{"start":{"line":84,"column":0},"end":{"line":84,"column":2}},"85":{"start":{"line":86,"column":0},"end":{"line":86,"column":27}}},"s":{"0":0,"1":0,"3":0,"4":0,"5":0,"6":0,"7":0,"9":0,"11":0,"12":0,"13":0,"14":0,"15":0,"16":0,"17":0,"18":0,"19":0,"20":0,"22":0,"23":0,"25":0,"26":0,"27":0,"28":0,"29":0,"30":0,"31":0,"32":0,"33":0,"34":0,"36":0,"37":0,"38":0,"39":0,"41":0,"42":0,"43":0,"45":0,"46":0,"47":0,"48":0,"50":0,"51":0,"53":0,"55":0,"56":0,"57":0,"58":0,"60":0,"61":0,"62":0,"63":0,"64":0,"65":0,"67":0,"68":0,"69":0,"70":0,"71":0,"72":0,"73":0,"74":0,"75":0,"77":0,"78":0,"80":0,"81":0,"83":0,"85":0},"branchMap":{"0":{"type":"branch","line":1,"loc":{"start":{"line":1,"column":0},"end":{"line":86,"column":-483}},"locations":[{"start":{"line":1,"column":0},"end":{"line":86,"column":-483}}]}},"b":{"0":[0]},"fnMap":{"0":{"name":"(empty-report)","decl":{"start":{"line":1,"column":0},"end":{"line":86,"column":-483}},"loc":{"start":{"line":1,"column":0},"end":{"line":86,"column":-483}},"line":1}},"f":{"0":0}}
,"/Users/olhapopova/Documents/react-app/src/components/Pagination/Pagination.tsx": {"path":"/Users/olhapopova/Documents/react-app/src/components/Pagination/Pagination.tsx","all":false,"statementMap":{"0":{"start":{"line":1,"column":0},"end":{"line":1,"column":51}},"1":{"start":{"line":2,"column":0},"end":{"line":2,"column":45}},"3":{"start":{"line":4,"column":0},"end":{"line":4,"column":74}},"4":{"start":{"line":5,"column":0},"end":{"line":5,"column":60}},"5":{"start":{"line":6,"column":0},"end":{"line":6,"column":60}},"6":{"start":{"line":7,"column":0},"end":{"line":7,"column":53}},"7":{"start":{"line":8,"column":0},"end":{"line":8,"column":55}},"9":{"start":{"line":10,"column":0},"end":{"line":10,"column":43}},"10":{"start":{"line":11,"column":0},"end":{"line":11,"column":56}},"11":{"start":{"line":12,"column":0},"end":{"line":12,"column":46}},"12":{"start":{"line":13,"column":0},"end":{"line":13,"column":55}},"13":{"start":{"line":14,"column":0},"end":{"line":14,"column":57}},"14":{"start":{"line":15,"column":0},"end":{"line":15,"column":31}},"15":{"start":{"line":16,"column":0},"end":{"line":16,"column":4}},"17":{"start":{"line":18,"column":0},"end":{"line":18,"column":10}},"18":{"start":{"line":19,"column":0},"end":{"line":19,"column":39}},"19":{"start":{"line":20,"column":0},"end":{"line":20,"column":13}},"20":{"start":{"line":21,"column":0},"end":{"line":21,"column":32}},"21":{"start":{"line":22,"column":0},"end":{"line":22,"column":51}},"22":{"start":{"line":23,"column":0},"end":{"line":23,"column":35}},"23":{"start":{"line":24,"column":0},"end":{"line":24,"column":7}},"25":{"start":{"line":26,"column":0},"end":{"line":26,"column":15}},"26":{"start":{"line":27,"column":0},"end":{"line":27,"column":40}},"27":{"start":{"line":28,"column":0},"end":{"line":28,"column":42}},"28":{"start":{"line":29,"column":0},"end":{"line":29,"column":13}},"29":{"start":{"line":30,"column":0},"end":{"line":30,"column":13}},"30":{"start":{"line":31,"column":0},"end":{"line":31,"column":32}},"31":{"start":{"line":32,"column":0},"end":{"line":32,"column":51}},"32":{"start":{"line":33,"column":0},"end":{"line":33,"column":44}},"33":{"start":{"line":34,"column":0},"end":{"line":34,"column":7}},"35":{"start":{"line":36,"column":0},"end":{"line":36,"column":15}},"36":{"start":{"line":37,"column":0},"end":{"line":37,"column":10}},"38":{"start":{"line":39,"column":0},"end":{"line":39,"column":2}},"40":{"start":{"line":41,"column":0},"end":{"line":41,"column":26}}},"s":{"0":1,"1":1,"3":1,"4":21,"5":21,"6":21,"7":21,"9":21,"10":2,"11":2,"12":2,"13":2,"14":2,"15":2,"17":21,"18":21,"19":21,"20":21,"21":21,"22":21,"23":21,"25":21,"26":21,"27":21,"28":21,"29":21,"30":21,"31":21,"32":21,"33":21,"35":21,"36":21,"38":21,"40":1},"branchMap":{"0":{"type":"branch","line":4,"loc":{"start":{"line":4,"column":53},"end":{"line":39,"column":2}},"locations":[{"start":{"line":4,"column":53},"end":{"line":39,"column":2}}]},"1":{"type":"branch","line":6,"loc":{"start":{"line":6,"column":53},"end":{"line":6,"column":60}},"locations":[{"start":{"line":6,"column":53},"end":{"line":6,"column":60}}]},"2":{"type":"branch","line":7,"loc":{"start":{"line":7,"column":45},"end":{"line":7,"column":53}},"locations":[{"start":{"line":7,"column":45},"end":{"line":7,"column":53}}]},"3":{"type":"branch","line":8,"loc":{"start":{"line":8,"column":47},"end":{"line":8,"column":55}},"locations":[{"start":{"line":8,"column":47},"end":{"line":8,"column":55}}]},"4":{"type":"branch","line":10,"loc":{"start":{"line":10,"column":21},"end":{"line":16,"column":4}},"locations":[{"start":{"line":10,"column":21},"end":{"line":16,"column":4}}]},"5":{"type":"branch","line":13,"loc":{"start":{"line":13,"column":20},"end":{"line":13,"column":55}},"locations":[{"start":{"line":13,"column":20},"end":{"line":13,"column":55}}]},"6":{"type":"branch","line":14,"loc":{"start":{"line":14,"column":20},"end":{"line":14,"column":57}},"locations":[{"start":{"line":14,"column":20},"end":{"line":14,"column":57}}]},"7":{"type":"branch","line":22,"loc":{"start":{"line":22,"column":17},"end":{"line":22,"column":51}},"locations":[{"start":{"line":22,"column":17},"end":{"line":22,"column":51}}]},"8":{"type":"branch","line":32,"loc":{"start":{"line":32,"column":17},"end":{"line":32,"column":51}},"locations":[{"start":{"line":32,"column":17},"end":{"line":32,"column":51}}]}},"b":{"0":[21],"1":[4],"2":[11],"3":[19],"4":[2],"5":[0],"6":[0],"7":[1],"8":[1]},"fnMap":{"0":{"name":"Pagination","decl":{"start":{"line":4,"column":53},"end":{"line":39,"column":2}},"loc":{"start":{"line":4,"column":53},"end":{"line":39,"column":2}},"line":4},"1":{"name":"updatePage","decl":{"start":{"line":10,"column":21},"end":{"line":16,"column":4}},"loc":{"start":{"line":10,"column":21},"end":{"line":16,"column":4}},"line":10},"2":{"name":"onClick","decl":{"start":{"line":22,"column":17},"end":{"line":22,"column":51}},"loc":{"start":{"line":22,"column":17},"end":{"line":22,"column":51}},"line":22},"3":{"name":"onClick","decl":{"start":{"line":32,"column":17},"end":{"line":32,"column":51}},"loc":{"start":{"line":32,"column":17},"end":{"line":32,"column":51}},"line":32}},"f":{"0":21,"1":2,"2":1,"3":1}}
,"/Users/olhapopova/Documents/react-app/src/components/Search/Search.tsx": {"path":"/Users/olhapopova/Documents/react-app/src/components/Search/Search.tsx","all":false,"statementMap":{"0":{"start":{"line":1,"column":0},"end":{"line":1,"column":41}},"2":{"start":{"line":3,"column":0},"end":{"line":3,"column":72}},"4":{"start":{"line":5,"column":0},"end":{"line":5,"column":57}},"5":{"start":{"line":6,"column":0},"end":{"line":6,"column":61}},"7":{"start":{"line":8,"column":0},"end":{"line":8,"column":73}},"8":{"start":{"line":9,"column":0},"end":{"line":9,"column":34}},"9":{"start":{"line":10,"column":0},"end":{"line":10,"column":4}},"11":{"start":{"line":12,"column":0},"end":{"line":12,"column":30}},"12":{"start":{"line":13,"column":0},"end":{"line":13,"column":42}},"13":{"start":{"line":14,"column":0},"end":{"line":14,"column":26}},"14":{"start":{"line":15,"column":0},"end":{"line":15,"column":4}},"16":{"start":{"line":17,"column":0},"end":{"line":17,"column":10}},"17":{"start":{"line":18,"column":0},"end":{"line":18,"column":44}},"18":{"start":{"line":19,"column":0},"end":{"line":19,"column":12}},"19":{"start":{"line":20,"column":0},"end":{"line":20,"column":32}},"20":{"start":{"line":21,"column":0},"end":{"line":21,"column":19}},"21":{"start":{"line":22,"column":0},"end":{"line":22,"column":26}},"22":{"start":{"line":23,"column":0},"end":{"line":23,"column":36}},"23":{"start":{"line":24,"column":0},"end":{"line":24,"column":47}},"24":{"start":{"line":25,"column":0},"end":{"line":25,"column":34}},"25":{"start":{"line":26,"column":0},"end":{"line":26,"column":8}},"26":{"start":{"line":27,"column":0},"end":{"line":27,"column":63}},"28":{"start":{"line":29,"column":0},"end":{"line":29,"column":15}},"29":{"start":{"line":30,"column":0},"end":{"line":30,"column":10}},"31":{"start":{"line":32,"column":0},"end":{"line":32,"column":2}},"33":{"start":{"line":34,"column":0},"end":{"line":34,"column":22}}},"s":{"0":1,"2":1,"4":1,"5":20,"7":20,"8":3,"9":3,"11":20,"12":1,"13":1,"14":1,"16":20,"17":20,"18":20,"19":20,"20":20,"21":20,"22":20,"23":20,"24":20,"25":20,"26":20,"28":20,"29":20,"31":20,"33":1},"branchMap":{"0":{"type":"branch","line":5,"loc":{"start":{"line":5,"column":38},"end":{"line":32,"column":2}},"locations":[{"start":{"line":5,"column":38},"end":{"line":32,"column":2}}]},"1":{"type":"branch","line":8,"loc":{"start":{"line":8,"column":28},"end":{"line":10,"column":4}},"locations":[{"start":{"line":8,"column":28},"end":{"line":10,"column":4}}]},"2":{"type":"branch","line":12,"loc":{"start":{"line":12,"column":23},"end":{"line":15,"column":4}},"locations":[{"start":{"line":12,"column":23},"end":{"line":15,"column":4}}]}},"b":{"0":[20],"1":[3],"2":[1]},"fnMap":{"0":{"name":"Search","decl":{"start":{"line":5,"column":38},"end":{"line":32,"column":2}},"loc":{"start":{"line":5,"column":38},"end":{"line":32,"column":2}},"line":5},"1":{"name":"handleInputChange","decl":{"start":{"line":8,"column":28},"end":{"line":10,"column":4}},"loc":{"start":{"line":8,"column":28},"end":{"line":10,"column":4}},"line":8},"2":{"name":"handleSearch","decl":{"start":{"line":12,"column":23},"end":{"line":15,"column":4}},"loc":{"start":{"line":12,"column":23},"end":{"line":15,"column":4}},"line":12}},"f":{"0":20,"1":3,"2":1}}
,"/Users/olhapopova/Documents/react-app/src/components/ThrowErrorButto/ThrowErrorButton.tsx": {"path":"/Users/olhapopova/Documents/react-app/src/components/ThrowErrorButto/ThrowErrorButton.tsx","all":false,"statementMap":{"0":{"start":{"line":1,"column":0},"end":{"line":1,"column":51}},"2":{"start":{"line":3,"column":0},"end":{"line":3,"column":42}},"3":{"start":{"line":4,"column":0},"end":{"line":4,"column":34}},"4":{"start":{"line":5,"column":0},"end":{"line":5,"column":63}},"5":{"start":{"line":6,"column":0},"end":{"line":6,"column":4}},"6":{"start":{"line":7,"column":0},"end":{"line":7,"column":10}},"7":{"start":{"line":8,"column":0},"end":{"line":8,"column":69}},"9":{"start":{"line":10,"column":0},"end":{"line":10,"column":13}},"11":{"start":{"line":12,"column":0},"end":{"line":12,"column":2}},"13":{"start":{"line":14,"column":0},"end":{"line":14,"column":32}}},"s":{"0":1,"2":1,"3":26,"4":5,"5":5,"6":26,"7":26,"9":26,"11":26,"13":1},"branchMap":{"0":{"type":"branch","line":3,"loc":{"start":{"line":3,"column":35},"end":{"line":12,"column":2}},"locations":[{"start":{"line":3,"column":35},"end":{"line":12,"column":2}}]},"1":{"type":"branch","line":4,"loc":{"start":{"line":4,"column":21},"end":{"line":6,"column":4}},"locations":[{"start":{"line":4,"column":21},"end":{"line":6,"column":4}}]}},"b":{"0":[26],"1":[5]},"fnMap":{"0":{"name":"ThrowErrorButton","decl":{"start":{"line":3,"column":35},"end":{"line":12,"column":2}},"loc":{"start":{"line":3,"column":35},"end":{"line":12,"column":2}},"line":3},"1":{"name":"throwError","decl":{"start":{"line":4,"column":21},"end":{"line":6,"column":4}},"loc":{"start":{"line":4,"column":21},"end":{"line":6,"column":4}},"line":4}},"f":{"0":26,"1":5}}
,"/Users/olhapopova/Documents/react-app/src/pages/CharacterDetails/CharacterDetails.tsx": {"path":"/Users/olhapopova/Documents/react-app/src/pages/CharacterDetails/CharacterDetails.tsx","all":false,"statementMap":{"0":{"start":{"line":1,"column":0},"end":{"line":1,"column":44}},"1":{"start":{"line":2,"column":0},"end":{"line":2,"column":64}},"2":{"start":{"line":3,"column":0},"end":{"line":3,"column":62}},"4":{"start":{"line":5,"column":0},"end":{"line":5,"column":52}},"5":{"start":{"line":6,"column":0},"end":{"line":6,"column":51}},"7":{"start":{"line":8,"column":0},"end":{"line":8,"column":60}},"8":{"start":{"line":9,"column":0},"end":{"line":9,"column":13}},"9":{"start":{"line":10,"column":0},"end":{"line":10,"column":7}},"10":{"start":{"line":11,"column":0},"end":{"line":11,"column":7}},"11":{"start":{"line":12,"column":0},"end":{"line":12,"column":33}},"12":{"start":{"line":13,"column":0},"end":{"line":13,"column":43}},"13":{"start":{"line":14,"column":0},"end":{"line":14,"column":41}},"15":{"start":{"line":16,"column":0},"end":{"line":16,"column":77}},"16":{"start":{"line":17,"column":0},"end":{"line":17,"column":8}},"17":{"start":{"line":18,"column":0},"end":{"line":18,"column":4}},"18":{"start":{"line":19,"column":0},"end":{"line":19,"column":48}},"19":{"start":{"line":20,"column":0},"end":{"line":20,"column":58}},"21":{"start":{"line":22,"column":0},"end":{"line":22,"column":19}},"22":{"start":{"line":23,"column":0},"end":{"line":23,"column":14}},"23":{"start":{"line":24,"column":0},"end":{"line":24,"column":54}},"24":{"start":{"line":25,"column":0},"end":{"line":25,"column":13}},"25":{"start":{"line":26,"column":0},"end":{"line":26,"column":5}},"27":{"start":{"line":28,"column":0},"end":{"line":28,"column":35}},"28":{"start":{"line":29,"column":0},"end":{"line":29,"column":23}},"29":{"start":{"line":30,"column":0},"end":{"line":30,"column":21}},"30":{"start":{"line":31,"column":0},"end":{"line":31,"column":11}},"31":{"start":{"line":32,"column":0},"end":{"line":32,"column":53}},"32":{"start":{"line":33,"column":0},"end":{"line":33,"column":34}},"33":{"start":{"line":34,"column":0},"end":{"line":34,"column":21}},"34":{"start":{"line":35,"column":0},"end":{"line":35,"column":64}},"35":{"start":{"line":36,"column":0},"end":{"line":36,"column":78}},"36":{"start":{"line":37,"column":0},"end":{"line":37,"column":17}},"37":{"start":{"line":38,"column":0},"end":{"line":38,"column":26}},"38":{"start":{"line":39,"column":0},"end":{"line":39,"column":7}},"39":{"start":{"line":40,"column":0},"end":{"line":40,"column":6}},"41":{"start":{"line":42,"column":0},"end":{"line":42,"column":16}},"42":{"start":{"line":43,"column":0},"end":{"line":43,"column":11}},"43":{"start":{"line":44,"column":0},"end":{"line":44,"column":33}},"44":{"start":{"line":45,"column":0},"end":{"line":45,"column":60}},"45":{"start":{"line":46,"column":0},"end":{"line":46,"column":80}},"47":{"start":{"line":48,"column":0},"end":{"line":48,"column":30}},"48":{"start":{"line":49,"column":0},"end":{"line":49,"column":51}},"49":{"start":{"line":50,"column":0},"end":{"line":50,"column":4}},"51":{"start":{"line":52,"column":0},"end":{"line":52,"column":10}},"52":{"start":{"line":53,"column":0},"end":{"line":53,"column":36}},"53":{"start":{"line":54,"column":0},"end":{"line":54,"column":68}},"55":{"start":{"line":56,"column":0},"end":{"line":56,"column":15}},"56":{"start":{"line":57,"column":0},"end":{"line":57,"column":38}},"57":{"start":{"line":58,"column":0},"end":{"line":58,"column":43}},"58":{"start":{"line":59,"column":0},"end":{"line":59,"column":70}},"59":{"start":{"line":60,"column":0},"end":{"line":60,"column":9}},"60":{"start":{"line":61,"column":0},"end":{"line":61,"column":58}},"61":{"start":{"line":62,"column":0},"end":{"line":62,"column":10}},"62":{"start":{"line":63,"column":0},"end":{"line":63,"column":9}},"63":{"start":{"line":64,"column":0},"end":{"line":64,"column":64}},"64":{"start":{"line":65,"column":0},"end":{"line":65,"column":10}},"65":{"start":{"line":66,"column":0},"end":{"line":66,"column":9}},"66":{"start":{"line":67,"column":0},"end":{"line":67,"column":58}},"67":{"start":{"line":68,"column":0},"end":{"line":68,"column":10}},"68":{"start":{"line":69,"column":0},"end":{"line":69,"column":9}},"69":{"start":{"line":70,"column":0},"end":{"line":70,"column":64}},"70":{"start":{"line":71,"column":0},"end":{"line":71,"column":10}},"71":{"start":{"line":72,"column":0},"end":{"line":72,"column":17}},"72":{"start":{"line":73,"column":0},"end":{"line":73,"column":10}},"74":{"start":{"line":75,"column":0},"end":{"line":75,"column":2}},"76":{"start":{"line":77,"column":0},"end":{"line":77,"column":32}}},"s":{"0":1,"1":1,"2":1,"4":1,"5":1,"7":1,"8":9,"9":9,"10":9,"11":9,"12":9,"13":9,"15":9,"16":9,"17":9,"18":9,"19":9,"21":9,"22":5,"23":0,"24":0,"25":0,"27":5,"28":5,"29":5,"30":5,"31":5,"32":0,"33":0,"34":0,"35":0,"36":0,"37":0,"38":0,"39":5,"41":5,"42":9,"43":9,"44":9,"45":5,"47":0,"48":0,"49":0,"51":0,"52":0,"53":0,"55":0,"56":0,"57":0,"58":0,"59":0,"60":0,"61":0,"62":0,"63":0,"64":0,"65":0,"66":0,"67":0,"68":0,"69":0,"70":0,"71":0,"72":0,"74":0,"76":1},"branchMap":{"0":{"type":"branch","line":8,"loc":{"start":{"line":8,"column":58},"end":{"line":75,"column":2}},"locations":[{"start":{"line":8,"column":58},"end":{"line":75,"column":2}}]},"1":{"type":"branch","line":44,"loc":{"start":{"line":44,"column":15},"end":{"line":45,"column":20}},"locations":[{"start":{"line":44,"column":15},"end":{"line":45,"column":20}}]},"2":{"type":"branch","line":44,"loc":{"start":{"line":44,"column":15},"end":{"line":44,"column":33}},"locations":[{"start":{"line":44,"column":15},"end":{"line":44,"column":33}}]},"3":{"type":"branch","line":45,"loc":{"start":{"line":45,"column":13},"end":{"line":45,"column":60}},"locations":[{"start":{"line":45,"column":13},"end":{"line":45,"column":60}}]},"4":{"type":"branch","line":45,"loc":{"start":{"line":45,"column":55},"end":{"line":46,"column":80}},"locations":[{"start":{"line":45,"column":55},"end":{"line":46,"column":80}}]},"5":{"type":"branch","line":46,"loc":{"start":{"line":46,"column":75},"end":{"line":75,"column":2}},"locations":[{"start":{"line":46,"column":75},"end":{"line":75,"column":2}}]},"6":{"type":"branch","line":22,"loc":{"start":{"line":22,"column":12},"end":{"line":43,"column":5}},"locations":[{"start":{"line":22,"column":12},"end":{"line":43,"column":5}}]},"7":{"type":"branch","line":23,"loc":{"start":{"line":23,"column":13},"end":{"line":26,"column":5}},"locations":[{"start":{"line":23,"column":13},"end":{"line":26,"column":5}}]},"8":{"type":"branch","line":28,"loc":{"start":{"line":28,"column":22},"end":{"line":40,"column":6}},"locations":[{"start":{"line":28,"column":22},"end":{"line":40,"column":6}}]},"9":{"type":"branch","line":32,"loc":{"start":{"line":32,"column":51},"end":{"line":39,"column":7}},"locations":[{"start":{"line":32,"column":51},"end":{"line":39,"column":7}}]}},"b":{"0":[9],"1":[5],"2":[4],"3":[0],"4":[5],"5":[0],"6":[5],"7":[0],"8":[5],"9":[0]},"fnMap":{"0":{"name":"CharacterDetails","decl":{"start":{"line":8,"column":58},"end":{"line":75,"column":2}},"loc":{"start":{"line":8,"column":58},"end":{"line":75,"column":2}},"line":8},"1":{"name":"fetchData","decl":{"start":{"line":28,"column":22},"end":{"line":40,"column":6}},"loc":{"start":{"line":28,"column":22},"end":{"line":40,"column":6}},"line":28},"2":{"name":"closeDetails","decl":{"start":{"line":48,"column":23},"end":{"line":50,"column":4}},"loc":{"start":{"line":48,"column":23},"end":{"line":50,"column":4}},"line":48}},"f":{"0":9,"1":5,"2":0}}
,"/Users/olhapopova/Documents/react-app/src/pages/Main/Main.tsx": {"path":"/Users/olhapopova/Documents/react-app/src/pages/Main/Main.tsx","all":false,"statementMap":{"0":{"start":{"line":1,"column":0},"end":{"line":1,"column":72}},"1":{"start":{"line":2,"column":0},"end":{"line":2,"column":44}},"2":{"start":{"line":3,"column":0},"end":{"line":3,"column":56}},"3":{"start":{"line":4,"column":0},"end":{"line":4,"column":52}},"4":{"start":{"line":5,"column":0},"end":{"line":5,"column":58}},"5":{"start":{"line":6,"column":0},"end":{"line":6,"column":52}},"7":{"start":{"line":8,"column":0},"end":{"line":8,"column":39}},"8":{"start":{"line":9,"column":0},"end":{"line":9,"column":52}},"9":{"start":{"line":10,"column":0},"end":{"line":10,"column":68}},"10":{"start":{"line":11,"column":0},"end":{"line":11,"column":64}},"12":{"start":{"line":13,"column":0},"end":{"line":13,"column":30}},"13":{"start":{"line":14,"column":0},"end":{"line":14,"column":33}},"14":{"start":{"line":15,"column":0},"end":{"line":15,"column":43}},"16":{"start":{"line":17,"column":0},"end":{"line":17,"column":53}},"17":{"start":{"line":18,"column":0},"end":{"line":18,"column":53}},"19":{"start":{"line":20,"column":0},"end":{"line":20,"column":64}},"20":{"start":{"line":21,"column":0},"end":{"line":21,"column":48}},"21":{"start":{"line":22,"column":0},"end":{"line":22,"column":41}},"22":{"start":{"line":23,"column":0},"end":{"line":23,"column":50}},"23":{"start":{"line":24,"column":0},"end":{"line":24,"column":49}},"25":{"start":{"line":26,"column":0},"end":{"line":26,"column":19}},"26":{"start":{"line":27,"column":0},"end":{"line":27,"column":35}},"27":{"start":{"line":28,"column":0},"end":{"line":28,"column":23}},"28":{"start":{"line":29,"column":0},"end":{"line":29,"column":19}},"29":{"start":{"line":30,"column":0},"end":{"line":30,"column":11}},"30":{"start":{"line":31,"column":0},"end":{"line":31,"column":61}},"31":{"start":{"line":32,"column":0},"end":{"line":32,"column":28}},"32":{"start":{"line":33,"column":0},"end":{"line":33,"column":25}},"33":{"start":{"line":34,"column":0},"end":{"line":34,"column":15}},"34":{"start":{"line":35,"column":0},"end":{"line":35,"column":46}},"35":{"start":{"line":36,"column":0},"end":{"line":36,"column":17}},"36":{"start":{"line":37,"column":0},"end":{"line":37,"column":26}},"37":{"start":{"line":38,"column":0},"end":{"line":38,"column":7}},"38":{"start":{"line":39,"column":0},"end":{"line":39,"column":6}},"40":{"start":{"line":41,"column":0},"end":{"line":41,"column":16}},"41":{"start":{"line":42,"column":0},"end":{"line":42,"column":25}},"43":{"start":{"line":44,"column":0},"end":{"line":44,"column":10}},"44":{"start":{"line":45,"column":0},"end":{"line":45,"column":38}},"45":{"start":{"line":46,"column":0},"end":{"line":46,"column":35}},"46":{"start":{"line":47,"column":0},"end":{"line":47,"column":62}},"47":{"start":{"line":48,"column":0},"end":{"line":48,"column":15}},"48":{"start":{"line":49,"column":0},"end":{"line":49,"column":73}},"49":{"start":{"line":50,"column":0},"end":{"line":50,"column":10}},"50":{"start":{"line":51,"column":0},"end":{"line":51,"column":31}},"51":{"start":{"line":52,"column":0},"end":{"line":52,"column":58}},"52":{"start":{"line":53,"column":0},"end":{"line":53,"column":32}},"53":{"start":{"line":54,"column":0},"end":{"line":54,"column":42}},"54":{"start":{"line":55,"column":0},"end":{"line":55,"column":48}},"55":{"start":{"line":56,"column":0},"end":{"line":56,"column":23}},"56":{"start":{"line":57,"column":0},"end":{"line":57,"column":39}},"57":{"start":{"line":58,"column":0},"end":{"line":58,"column":36}},"58":{"start":{"line":59,"column":0},"end":{"line":59,"column":78}},"60":{"start":{"line":61,"column":0},"end":{"line":61,"column":16}},"61":{"start":{"line":62,"column":0},"end":{"line":62,"column":18}},"62":{"start":{"line":63,"column":0},"end":{"line":63,"column":28}},"63":{"start":{"line":64,"column":0},"end":{"line":64,"column":51}},"64":{"start":{"line":65,"column":0},"end":{"line":65,"column":26}},"65":{"start":{"line":66,"column":0},"end":{"line":66,"column":72}},"66":{"start":{"line":67,"column":0},"end":{"line":67,"column":20}},"68":{"start":{"line":69,"column":0},"end":{"line":69,"column":16}},"70":{"start":{"line":71,"column":0},"end":{"line":71,"column":46}},"71":{"start":{"line":72,"column":0},"end":{"line":72,"column":12}},"72":{"start":{"line":73,"column":0},"end":{"line":73,"column":16}},"73":{"start":{"line":74,"column":0},"end":{"line":74,"column":10}},"75":{"start":{"line":76,"column":0},"end":{"line":76,"column":2}},"77":{"start":{"line":78,"column":0},"end":{"line":78,"column":20}}},"s":{"0":1,"1":1,"2":1,"3":1,"4":1,"5":1,"7":1,"8":1,"9":1,"10":1,"12":1,"13":14,"14":14,"16":14,"17":14,"19":14,"20":14,"21":14,"22":14,"23":14,"25":14,"26":7,"27":7,"28":7,"29":7,"30":7,"31":0,"32":0,"33":0,"34":0,"35":0,"36":0,"37":0,"38":7,"40":7,"41":14,"43":14,"44":14,"45":14,"46":14,"47":14,"48":14,"49":14,"50":14,"51":14,"52":14,"53":7,"54":7,"55":7,"56":7,"57":7,"58":0,"60":7,"61":7,"62":7,"63":1,"64":1,"65":1,"66":1,"68":7,"70":14,"71":14,"72":14,"73":14,"75":14,"77":1},"branchMap":{"0":{"type":"branch","line":13,"loc":{"start":{"line":13,"column":23},"end":{"line":76,"column":2}},"locations":[{"start":{"line":13,"column":23},"end":{"line":76,"column":2}}]},"1":{"type":"branch","line":17,"loc":{"start":{"line":17,"column":45},"end":{"line":17,"column":53}},"locations":[{"start":{"line":17,"column":45},"end":{"line":17,"column":53}}]},"2":{"type":"branch","line":18,"loc":{"start":{"line":18,"column":46},"end":{"line":18,"column":53}},"locations":[{"start":{"line":18,"column":46},"end":{"line":18,"column":53}}]},"3":{"type":"branch","line":51,"loc":{"start":{"line":51,"column":9},"end":{"line":51,"column":31}},"locations":[{"start":{"line":51,"column":9},"end":{"line":51,"column":31}}]},"4":{"type":"branch","line":52,"loc":{"start":{"line":52,"column":9},"end":{"line":52,"column":58}},"locations":[{"start":{"line":52,"column":9},"end":{"line":52,"column":58}}]},"5":{"type":"branch","line":53,"loc":{"start":{"line":53,"column":10},"end":{"line":53,"column":32}},"locations":[{"start":{"line":53,"column":10},"end":{"line":53,"column":32}}]},"6":{"type":"branch","line":53,"loc":{"start":{"line":53,"column":22},"end":{"line":69,"column":16}},"locations":[{"start":{"line":53,"column":22},"end":{"line":69,"column":16}}]},"7":{"type":"branch","line":63,"loc":{"start":{"line":63,"column":13},"end":{"line":67,"column":20}},"locations":[{"start":{"line":63,"column":13},"end":{"line":67,"column":20}}]},"8":{"type":"branch","line":26,"loc":{"start":{"line":26,"column":12},"end":{"line":42,"column":5}},"locations":[{"start":{"line":26,"column":12},"end":{"line":42,"column":5}}]},"9":{"type":"branch","line":27,"loc":{"start":{"line":27,"column":22},"end":{"line":39,"column":6}},"locations":[{"start":{"line":27,"column":22},"end":{"line":39,"column":6}}]},"10":{"type":"branch","line":31,"loc":{"start":{"line":31,"column":59},"end":{"line":38,"column":7}},"locations":[{"start":{"line":31,"column":59},"end":{"line":38,"column":7}}]}},"b":{"0":[14],"1":[4],"2":[4],"3":[7],"4":[0],"5":[7],"6":[7],"7":[1],"8":[7],"9":[7],"10":[0]},"fnMap":{"0":{"name":"Main","decl":{"start":{"line":13,"column":23},"end":{"line":76,"column":2}},"loc":{"start":{"line":13,"column":23},"end":{"line":76,"column":2}},"line":13},"1":{"name":"fetchData","decl":{"start":{"line":27,"column":22},"end":{"line":39,"column":6}},"loc":{"start":{"line":27,"column":22},"end":{"line":39,"column":6}},"line":27},"2":{"name":"onSearch","decl":{"start":{"line":49,"column":20},"end":{"line":49,"column":73}},"loc":{"start":{"line":49,"column":20},"end":{"line":49,"column":73}},"line":49},"3":{"name":"onCardClick","decl":{"start":{"line":58,"column":29},"end":{"line":59,"column":78}},"loc":{"start":{"line":58,"column":29},"end":{"line":59,"column":78}},"line":58}},"f":{"0":14,"1":7,"2":0,"3":0}}
,"/Users/olhapopova/Documents/react-app/src/pages/NotFound/NotFound.tsx": {"path":"/Users/olhapopova/Documents/react-app/src/pages/NotFound/NotFound.tsx","all":false,"statementMap":{"0":{"start":{"line":1,"column":0},"end":{"line":1,"column":26}},"1":{"start":{"line":2,"column":0},"end":{"line":2,"column":43}},"3":{"start":{"line":4,"column":0},"end":{"line":4,"column":34}},"4":{"start":{"line":5,"column":0},"end":{"line":5,"column":10}},"5":{"start":{"line":6,"column":0},"end":{"line":6,"column":44}},"6":{"start":{"line":7,"column":0},"end":{"line":7,"column":46}},"7":{"start":{"line":8,"column":0},"end":{"line":8,"column":46}},"8":{"start":{"line":9,"column":0},"end":{"line":9,"column":57}},"9":{"start":{"line":10,"column":0},"end":{"line":10,"column":12}},"10":{"start":{"line":11,"column":0},"end":{"line":11,"column":10}},"12":{"start":{"line":13,"column":0},"end":{"line":13,"column":2}},"14":{"start":{"line":15,"column":0},"end":{"line":15,"column":24}}},"s":{"0":1,"1":1,"3":1,"4":2,"5":2,"6":2,"7":2,"8":2,"9":2,"10":2,"12":2,"14":1},"branchMap":{"0":{"type":"branch","line":4,"loc":{"start":{"line":4,"column":27},"end":{"line":13,"column":2}},"locations":[{"start":{"line":4,"column":27},"end":{"line":13,"column":2}}]}},"b":{"0":[2]},"fnMap":{"0":{"name":"NotFound","decl":{"start":{"line":4,"column":27},"end":{"line":13,"column":2}},"loc":{"start":{"line":4,"column":27},"end":{"line":13,"column":2}},"line":4}},"f":{"0":2}}
}
