TN:
SF:src/main.tsx
FN:1,(empty-report)
FNF:1
FNH:0
FNDA:0,(empty-report)
DA:1,0
DA:2,0
DA:3,0
DA:4,0
DA:5,0
DA:6,0
DA:7,0
DA:8,0
DA:11,0
DA:12,0
DA:13,0
DA:14,0
DA:15,0
DA:16,0
DA:17,0
DA:18,0
DA:19,0
DA:20,0
LF:18
LH:0
BRDA:1,0,0,0
BRF:1
BRH:0
end_of_record
TN:
SF:src/components/App/App.tsx
FN:7,App
FNF:1
FNH:1
FNDA:2,App
DA:1,1
DA:2,1
DA:3,1
DA:4,1
DA:5,1
DA:7,1
DA:8,2
DA:9,2
DA:10,2
DA:11,2
DA:12,2
DA:13,2
DA:14,2
DA:15,2
DA:16,2
DA:17,2
DA:18,2
DA:19,2
DA:20,2
DA:21,2
DA:22,2
DA:24,2
DA:26,1
LF:23
LH:23
BRDA:7,0,0,2
BRF:1
BRH:1
end_of_record
TN:
SF:src/components/Card/Card.tsx
FN:13,Card
FN:32,handleClick
FN:42,handleCheckboxChange
FNF:3
FNH:1
FNDA:12,Card
FNDA:0,handleClick
FNDA:0,handleCheckboxChange
DA:1,1
DA:3,1
DA:7,1
DA:9,1
DA:10,1
DA:11,1
DA:13,1
DA:14,12
DA:15,12
DA:16,12
DA:17,12
DA:18,12
DA:19,12
DA:20,12
DA:22,12
DA:23,12
DA:25,12
DA:26,12
DA:27,12
DA:28,0
DA:29,12
DA:30,12
DA:32,12
DA:33,0
DA:34,0
DA:35,0
DA:36,0
DA:38,12
DA:39,12
DA:40,12
DA:42,12
DA:43,0
DA:44,0
DA:45,0
DA:46,0
DA:47,0
DA:48,0
DA:49,0
DA:51,12
DA:52,12
DA:53,12
DA:54,12
DA:56,12
DA:57,12
DA:58,12
DA:59,12
DA:60,12
DA:61,12
DA:62,12
DA:63,12
DA:64,12
DA:65,12
DA:66,12
DA:67,12
DA:68,12
DA:69,12
DA:71,12
DA:73,1
LF:58
LH:46
BRDA:13,0,0,12
BRDA:22,1,0,8
BRDA:23,2,0,8
BRDA:53,3,0,0
BRDA:53,4,0,0
BRDA:19,5,0,24
BRDA:25,6,0,12
BRF:7
BRH:5
end_of_record
TN:
SF:src/components/CardList/CardList.tsx
FN:9,CardList
FNF:1
FNH:1
FNDA:10,CardList
DA:1,1
DA:2,1
DA:5,1
DA:6,1
DA:7,1
DA:9,1
DA:10,10
DA:11,10
DA:12,10
DA:14,10
DA:15,2
DA:16,2
DA:18,8
DA:19,8
DA:20,8
DA:21,8
DA:22,12
DA:23,12
DA:24,12
DA:25,12
DA:26,12
DA:27,8
DA:28,10
DA:29,10
DA:30,10
DA:32,10
DA:34,1
LF:27
LH:27
BRDA:9,0,0,10
BRDA:14,1,0,2
BRDA:16,2,0,8
BRDA:28,3,0,0
BRDA:11,4,0,20
BRDA:21,5,0,12
BRF:6
BRH:5
end_of_record
TN:
SF:src/components/ErrorBoundary/ErrorBoundary.tsx
FN:5,<instance_members_initializer>
FN:6,ErrorBoundary
FN:11,componentDidMount
FN:13,console.error
FN:21,getDerivedStateFromError
FN:25,closeModal
FN:29,render
FNF:7
FNH:6
FNDA:8,<instance_members_initializer>
FNDA:8,ErrorBoundary
FNDA:8,componentDidMount
FNDA:4,console.error
FNDA:0,getDerivedStateFromError
FNDA:1,closeModal
FNDA:13,render
DA:1,1
DA:2,1
DA:5,1
DA:6,8
DA:7,8
DA:8,8
DA:9,8
DA:11,8
DA:12,8
DA:13,8
DA:14,4
DA:15,4
DA:16,4
DA:17,4
DA:18,4
DA:19,8
DA:21,8
DA:22,0
DA:23,0
DA:25,8
DA:26,1
DA:27,1
DA:29,8
DA:30,13
DA:32,13
DA:33,13
DA:34,13
DA:35,4
DA:36,4
DA:37,4
DA:38,4
DA:39,4
DA:41,13
DA:42,13
DA:44,13
DA:45,8
DA:47,1
LF:37
LH:35
BRDA:5,0,0,8
BRDA:6,1,0,8
BRDA:11,2,0,8
BRDA:13,3,0,4
BRDA:14,4,0,4
BRDA:25,5,0,1
BRDA:29,6,0,13
BRDA:34,7,0,4
BRF:8
BRH:8
end_of_record
TN:
SF:src/components/ErrorModal/ErrorModal.tsx
FN:4,ErrorModal
FN:11,onClick
FNF:2
FNH:2
FNDA:9,ErrorModal
FNDA:2,onClick
DA:1,1
DA:4,1
DA:5,9
DA:6,9
DA:7,9
DA:8,9
DA:9,9
DA:10,9
DA:11,9
DA:12,9
DA:13,9
DA:14,4
DA:15,4
DA:16,4
DA:19,9
DA:20,9
DA:21,5
DA:22,5
DA:23,6
DA:24,6
DA:25,6
DA:26,5
DA:27,5
DA:29,4
DA:32,9
DA:34,9
DA:35,9
DA:36,9
DA:38,9
DA:40,1
LF:30
LH:30
BRDA:4,0,0,9
BRDA:13,1,0,4
BRDA:20,2,0,5
BRDA:27,3,0,4
BRDA:11,4,0,2
BRDA:22,5,0,6
BRF:6
BRH:6
end_of_record
TN:
SF:src/components/Flyout/Flyout.tsx
FN:8,Flyout
FNF:1
FNH:0
FNDA:0,Flyout
DA:1,1
DA:3,1
DA:4,1
DA:5,1
DA:6,1
DA:8,1
DA:9,0
DA:10,0
DA:11,0
DA:12,0
DA:13,0
DA:15,0
DA:17,0
DA:19,0
DA:20,0
DA:21,0
DA:23,0
DA:24,0
DA:26,0
DA:27,0
DA:28,0
DA:29,0
DA:30,0
DA:31,0
DA:32,0
DA:33,0
DA:34,0
DA:35,0
DA:36,0
DA:37,0
DA:38,0
DA:39,0
DA:40,0
DA:41,0
DA:43,0
DA:45,0
DA:46,0
DA:47,0
DA:48,0
DA:49,0
DA:50,0
DA:51,0
DA:52,0
DA:53,0
DA:55,0
DA:56,0
DA:57,0
DA:59,0
DA:60,0
DA:62,0
DA:63,0
DA:65,0
DA:66,0
DA:67,0
DA:69,0
DA:71,1
LF:56
LH:7
BRF:0
BRH:0
end_of_record
TN:
SF:src/components/Footer/Footer.tsx
FN:6,Footer
FNF:1
FNH:1
FNDA:11,Footer
DA:1,1
DA:2,1
DA:3,1
DA:4,1
DA:6,1
DA:7,11
DA:9,11
DA:10,11
DA:11,11
DA:13,11
DA:14,11
DA:15,11
DA:16,11
DA:17,11
DA:19,11
DA:21,1
LF:16
LH:16
BRDA:6,0,0,11
BRDA:11,1,0,0
BRF:2
BRH:1
end_of_record
TN:
SF:src/components/Loader/Loader.tsx
FN:3,Loader
FNF:1
FNH:1
FNDA:13,Loader
DA:1,1
DA:3,1
DA:4,13
DA:5,13
DA:6,13
DA:7,13
DA:8,13
DA:9,13
DA:10,13
DA:12,13
DA:14,1
LF:11
LH:11
BRDA:3,0,0,13
BRF:1
BRH:1
end_of_record
TN:
SF:src/components/MusicPlayer/MusicPlayer.tsx
FN:1,(empty-report)
FNF:1
FNH:0
FNDA:0,(empty-report)
DA:1,0
DA:2,0
DA:4,0
DA:5,0
DA:6,0
DA:7,0
DA:8,0
DA:10,0
DA:12,0
DA:13,0
DA:14,0
DA:15,0
DA:16,0
DA:17,0
DA:18,0
DA:19,0
DA:20,0
DA:21,0
DA:23,0
DA:24,0
DA:26,0
DA:27,0
DA:28,0
DA:29,0
DA:30,0
DA:31,0
DA:32,0
DA:33,0
DA:34,0
DA:35,0
DA:37,0
DA:38,0
DA:39,0
DA:40,0
DA:42,0
DA:43,0
DA:44,0
DA:46,0
DA:47,0
DA:48,0
DA:49,0
DA:51,0
DA:52,0
DA:54,0
DA:56,0
DA:57,0
DA:58,0
DA:59,0
DA:61,0
DA:62,0
DA:63,0
DA:64,0
DA:65,0
DA:66,0
DA:68,0
DA:69,0
DA:70,0
DA:71,0
DA:72,0
DA:73,0
DA:74,0
DA:75,0
DA:76,0
DA:78,0
DA:79,0
DA:81,0
DA:82,0
DA:84,0
DA:86,0
LF:69
LH:0
BRDA:1,0,0,0
BRF:1
BRH:0
end_of_record
TN:
SF:src/components/Pagination/Pagination.tsx
FN:4,Pagination
FN:10,updatePage
FN:22,onClick
FN:32,onClick
FNF:4
FNH:4
FNDA:17,Pagination
FNDA:2,updatePage
FNDA:1,onClick
FNDA:1,onClick
DA:1,1
DA:2,1
DA:4,1
DA:5,17
DA:6,17
DA:7,17
DA:8,17
DA:10,17
DA:11,2
DA:12,2
DA:13,2
DA:14,2
DA:15,2
DA:16,2
DA:18,17
DA:19,17
DA:20,17
DA:21,17
DA:22,17
DA:23,17
DA:24,17
DA:26,17
DA:27,17
DA:28,17
DA:29,17
DA:30,17
DA:31,17
DA:32,17
DA:33,17
DA:34,17
DA:36,17
DA:37,17
DA:39,17
DA:41,1
LF:34
LH:34
BRDA:4,0,0,17
BRDA:6,1,0,3
BRDA:7,2,0,10
BRDA:8,3,0,16
BRDA:10,4,0,2
BRDA:13,5,0,0
BRDA:14,6,0,0
BRDA:22,7,0,1
BRDA:32,8,0,1
BRF:9
BRH:7
end_of_record
TN:
SF:src/components/Search/Search.tsx
FN:6,Search
FN:10,handleInputChange
FN:14,handleSearch
FN:19,handleKeyDown
FNF:4
FNH:3
FNDA:16,Search
FNDA:3,handleInputChange
FNDA:1,handleSearch
FNDA:0,handleKeyDown
DA:1,1
DA:3,1
DA:4,1
DA:6,1
DA:7,16
DA:8,16
DA:10,16
DA:11,3
DA:12,3
DA:14,16
DA:15,1
DA:16,1
DA:17,1
DA:19,16
DA:20,0
DA:21,0
DA:22,0
DA:23,0
DA:25,16
DA:26,16
DA:27,16
DA:28,16
DA:29,16
DA:30,16
DA:31,16
DA:32,16
DA:33,16
DA:34,16
DA:35,16
DA:36,16
DA:38,16
DA:39,16
DA:41,16
DA:43,1
LF:34
LH:30
BRDA:6,0,0,16
BRDA:28,1,0,0
BRDA:10,2,0,3
BRDA:14,3,0,1
BRF:4
BRH:3
end_of_record
TN:
SF:src/components/ThemeToggle/ThemeToggle.tsx
FN:5,ThemeToggle
FNF:1
FNH:1
FNDA:10,ThemeToggle
DA:1,1
DA:2,1
DA:3,1
DA:5,1
DA:6,10
DA:8,10
DA:9,10
DA:10,10
DA:11,10
DA:12,10
DA:13,10
DA:14,10
DA:15,10
DA:16,10
DA:18,10
DA:20,1
LF:16
LH:16
BRDA:5,0,0,10
BRDA:12,1,0,0
BRF:2
BRH:1
end_of_record
TN:
SF:src/components/ThrowErrorButto/ThrowErrorButton.tsx
FN:3,ThrowErrorButton
FN:4,throwError
FNF:2
FNH:2
FNDA:17,ThrowErrorButton
FNDA:5,throwError
DA:1,1
DA:3,1
DA:4,17
DA:5,5
DA:6,5
DA:7,17
DA:8,17
DA:10,17
DA:12,17
DA:14,1
LF:10
LH:10
BRDA:3,0,0,17
BRDA:4,1,0,5
BRF:2
BRH:2
end_of_record
TN:
SF:src/context/ThemeContext.tsx
FNF:0
FNH:0
DA:1,1
DA:10,1
DA:11,1
DA:12,1
LF:4
LH:4
BRF:0
BRH:0
end_of_record
TN:
SF:src/context/ThemeProvider.tsx
FN:4,ThemeProvider
FN:20,toggleTheme
FNF:2
FNH:1
FNDA:20,ThemeProvider
FNDA:0,toggleTheme
DA:1,1
DA:4,1
DA:5,20
DA:6,20
DA:7,20
DA:8,20
DA:9,20
DA:11,20
DA:12,20
DA:13,20
DA:14,20
DA:15,0
DA:16,20
DA:17,20
DA:18,20
DA:20,20
DA:21,0
DA:22,0
DA:24,20
DA:25,20
DA:26,20
DA:27,20
DA:29,20
DA:30,1
LF:24
LH:21
BRDA:4,0,0,20
BRDA:7,1,0,20
BRDA:8,2,0,7
BRDA:11,3,0,20
BRDA:14,4,0,0
BRF:5
BRH:4
end_of_record
TN:
SF:src/pages/CharacterDetails/CharacterDetails.tsx
FN:7,CharacterDetails
FN:31,closeDetails
FNF:2
FNH:1
FNDA:6,CharacterDetails
FNDA:0,closeDetails
DA:1,1
DA:2,1
DA:3,1
DA:4,1
DA:5,1
DA:7,1
DA:8,6
DA:9,6
DA:10,6
DA:11,6
DA:12,6
DA:13,6
DA:14,6
DA:16,6
DA:17,6
DA:18,6
DA:19,6
DA:20,6
DA:21,6
DA:22,6
DA:24,6
DA:25,6
DA:26,6
DA:27,0
DA:28,0
DA:29,0
DA:31,0
DA:32,0
DA:33,0
DA:35,0
DA:36,0
DA:37,6
DA:39,6
DA:41,6
DA:42,6
DA:43,6
DA:44,6
DA:45,6
DA:46,6
DA:47,6
DA:48,6
DA:49,6
DA:50,6
DA:51,6
DA:52,6
DA:53,6
DA:54,6
DA:55,6
DA:56,6
DA:57,6
DA:59,6
DA:61,1
LF:52
LH:44
BRDA:7,0,0,6
BRDA:25,1,0,0
BRDA:26,2,0,0
BRDA:37,3,0,0
BRF:4
BRH:1
end_of_record
TN:
SF:src/pages/Main/Main.tsx
FN:13,Main
FN:37,onSearch
FN:47,onCardClick
FNF:3
FNH:1
FNDA:10,Main
FNDA:0,onSearch
FNDA:0,onCardClick
DA:1,1
DA:2,1
DA:3,1
DA:4,1
DA:5,1
DA:6,1
DA:7,1
DA:8,1
DA:9,1
DA:10,1
DA:11,1
DA:13,1
DA:14,10
DA:15,10
DA:16,10
DA:18,10
DA:19,10
DA:20,10
DA:23,10
DA:24,10
DA:25,10
DA:26,10
DA:27,10
DA:29,10
DA:30,10
DA:31,10
DA:32,10
DA:33,10
DA:34,10
DA:36,10
DA:37,10
DA:39,10
DA:40,10
DA:42,10
DA:43,4
DA:44,4
DA:45,4
DA:46,4
DA:47,4
DA:48,0
DA:50,4
DA:51,4
DA:52,4
DA:53,1
DA:54,1
DA:55,1
DA:56,1
DA:58,4
DA:61,10
DA:62,10
DA:63,10
DA:65,10
DA:67,1
LF:53
LH:52
BRDA:13,0,0,10
BRDA:18,1,0,3
BRDA:19,2,0,3
BRDA:33,3,0,0
BRDA:39,4,0,6
BRDA:40,5,0,0
BRDA:42,6,0,4
BRDA:42,7,0,4
BRDA:52,8,0,1
BRF:9
BRH:7
end_of_record
TN:
SF:src/pages/NotFound/NotFound.tsx
FN:4,NotFound
FNF:1
FNH:1
FNDA:2,NotFound
DA:1,1
DA:2,1
DA:4,1
DA:5,2
DA:6,2
DA:7,2
DA:8,2
DA:9,2
DA:10,2
DA:11,2
DA:13,2
DA:15,1
LF:12
LH:12
BRDA:4,0,0,2
BRF:1
BRH:1
end_of_record
