TN:
SF:src/main.tsx
FN:1,(empty-report)
FNF:1
FNH:0
FNDA:0,(empty-report)
DA:1,0
DA:2,0
DA:3,0
DA:4,0
DA:5,0
DA:8,0
DA:9,0
DA:10,0
DA:11,0
DA:12,0
DA:13,0
LF:11
LH:0
BRDA:1,0,0,0
BRF:1
BRH:0
end_of_record
TN:
SF:src/components/App/App.tsx
FN:7,App
FNF:1
FNH:1
FNDA:2,App
DA:1,1
DA:2,1
DA:3,1
DA:4,1
DA:5,1
DA:7,1
DA:8,2
DA:9,2
DA:10,2
DA:11,2
DA:12,2
DA:13,2
DA:14,2
DA:15,2
DA:16,2
DA:17,2
DA:18,2
DA:19,2
DA:20,2
DA:21,2
DA:22,2
DA:24,2
DA:26,1
LF:23
LH:23
BRDA:7,0,0,2
BRF:1
BRH:1
end_of_record
TN:
SF:src/components/Card/Card.tsx
FN:5,Card
FN:12,handleClick
FNF:2
FNH:2
FNDA:10,Card
FNDA:1,handleClick
DA:1,1
DA:3,1
DA:5,1
DA:6,10
DA:7,10
DA:9,10
DA:10,10
DA:12,10
DA:13,1
DA:14,1
DA:16,10
DA:17,10
DA:18,10
DA:19,10
DA:20,10
DA:21,10
DA:22,10
DA:23,10
DA:24,10
DA:25,10
DA:27,10
DA:29,1
LF:22
LH:22
BRDA:5,0,0,10
BRDA:10,1,0,8
BRDA:12,2,0,1
BRF:3
BRH:3
end_of_record
TN:
SF:src/components/CardList/CardList.tsx
FN:5,CardList
FNF:1
FNH:1
FNDA:13,CardList
DA:1,1
DA:2,1
DA:3,1
DA:5,1
DA:6,13
DA:7,9
DA:8,9
DA:9,4
DA:10,4
DA:11,4
DA:12,8
DA:13,4
DA:14,4
DA:16,4
DA:18,1
LF:15
LH:15
BRDA:5,0,0,13
BRDA:6,1,0,9
BRDA:8,2,0,4
BRDA:11,3,0,8
BRF:4
BRH:4
end_of_record
TN:
SF:src/components/ErrorBoundary/ErrorBoundary.tsx
FN:10,ErrorBoundary
FN:21,console.error
FN:34,closeModal
FNF:3
FNH:3
FNDA:13,ErrorBoundary
FNDA:4,console.error
FNDA:1,closeModal
DA:1,1
DA:2,1
DA:10,1
DA:11,13
DA:12,13
DA:13,13
DA:14,13
DA:15,13
DA:16,13
DA:17,13
DA:19,13
DA:20,8
DA:21,8
DA:22,4
DA:23,4
DA:24,4
DA:25,4
DA:26,4
DA:27,4
DA:29,8
DA:30,8
DA:31,8
DA:32,13
DA:34,13
DA:35,1
DA:36,1
DA:38,13
DA:39,4
DA:40,4
DA:41,4
DA:42,4
DA:43,4
DA:44,4
DA:45,4
DA:46,4
DA:47,4
DA:49,4
DA:51,9
DA:52,9
DA:54,1
LF:40
LH:40
BRDA:10,0,0,13
BRDA:38,1,0,4
BRDA:49,2,0,9
BRDA:19,3,0,8
BRDA:21,4,0,4
BRDA:22,5,0,4
BRDA:29,6,0,8
BRDA:34,7,0,1
BRF:8
BRH:8
end_of_record
TN:
SF:src/components/ErrorModal/ErrorModal.tsx
FN:4,ErrorModal
FN:11,onClick
FNF:2
FNH:2
FNDA:9,ErrorModal
FNDA:2,onClick
DA:1,1
DA:4,1
DA:5,9
DA:6,9
DA:7,9
DA:8,9
DA:9,9
DA:10,9
DA:11,9
DA:12,9
DA:13,9
DA:14,4
DA:15,4
DA:16,4
DA:19,9
DA:20,9
DA:21,5
DA:22,5
DA:23,6
DA:24,6
DA:25,6
DA:26,5
DA:27,5
DA:29,4
DA:32,9
DA:34,9
DA:35,9
DA:36,9
DA:38,9
DA:40,1
LF:30
LH:30
BRDA:4,0,0,9
BRDA:13,1,0,4
BRDA:20,2,0,5
BRDA:27,3,0,4
BRDA:11,4,0,2
BRDA:22,5,0,6
BRF:6
BRH:6
end_of_record
TN:
SF:src/components/Footer/Footer.tsx
FN:5,Footer
FNF:1
FNH:1
FNDA:15,Footer
DA:1,1
DA:2,1
DA:3,1
DA:5,1
DA:6,15
DA:7,15
DA:8,15
DA:9,15
DA:10,15
DA:11,15
DA:12,15
DA:14,15
DA:16,1
LF:13
LH:13
BRDA:5,0,0,15
BRF:1
BRH:1
end_of_record
TN:
SF:src/components/Loader/Loader.tsx
FN:3,Loader
FNF:1
FNH:1
FNDA:12,Loader
DA:1,1
DA:3,1
DA:4,12
DA:5,12
DA:6,12
DA:7,12
DA:8,12
DA:9,12
DA:10,12
DA:12,12
DA:14,1
LF:11
LH:11
BRDA:3,0,0,12
BRF:1
BRH:1
end_of_record
TN:
SF:src/components/MusicPlayer/MusicPlayer.tsx
FN:1,(empty-report)
FNF:1
FNH:0
FNDA:0,(empty-report)
DA:1,0
DA:2,0
DA:4,0
DA:5,0
DA:6,0
DA:7,0
DA:8,0
DA:10,0
DA:12,0
DA:13,0
DA:14,0
DA:15,0
DA:16,0
DA:17,0
DA:18,0
DA:19,0
DA:20,0
DA:21,0
DA:23,0
DA:24,0
DA:26,0
DA:27,0
DA:28,0
DA:29,0
DA:30,0
DA:31,0
DA:32,0
DA:33,0
DA:34,0
DA:35,0
DA:37,0
DA:38,0
DA:39,0
DA:40,0
DA:42,0
DA:43,0
DA:44,0
DA:46,0
DA:47,0
DA:48,0
DA:49,0
DA:51,0
DA:52,0
DA:54,0
DA:56,0
DA:57,0
DA:58,0
DA:59,0
DA:61,0
DA:62,0
DA:63,0
DA:64,0
DA:65,0
DA:66,0
DA:68,0
DA:69,0
DA:70,0
DA:71,0
DA:72,0
DA:73,0
DA:74,0
DA:75,0
DA:76,0
DA:78,0
DA:79,0
DA:81,0
DA:82,0
DA:84,0
DA:86,0
LF:69
LH:0
BRDA:1,0,0,0
BRF:1
BRH:0
end_of_record
TN:
SF:src/components/Pagination/Pagination.tsx
FN:4,Pagination
FN:10,updatePage
FN:22,onClick
FN:32,onClick
FNF:4
FNH:4
FNDA:21,Pagination
FNDA:2,updatePage
FNDA:1,onClick
FNDA:1,onClick
DA:1,1
DA:2,1
DA:4,1
DA:5,21
DA:6,21
DA:7,21
DA:8,21
DA:10,21
DA:11,2
DA:12,2
DA:13,2
DA:14,2
DA:15,2
DA:16,2
DA:18,21
DA:19,21
DA:20,21
DA:21,21
DA:22,21
DA:23,21
DA:24,21
DA:26,21
DA:27,21
DA:28,21
DA:29,21
DA:30,21
DA:31,21
DA:32,21
DA:33,21
DA:34,21
DA:36,21
DA:37,21
DA:39,21
DA:41,1
LF:34
LH:34
BRDA:4,0,0,21
BRDA:6,1,0,4
BRDA:7,2,0,11
BRDA:8,3,0,19
BRDA:10,4,0,2
BRDA:13,5,0,0
BRDA:14,6,0,0
BRDA:22,7,0,1
BRDA:32,8,0,1
BRF:9
BRH:7
end_of_record
TN:
SF:src/components/Search/Search.tsx
FN:5,Search
FN:8,handleInputChange
FN:12,handleSearch
FNF:3
FNH:3
FNDA:20,Search
FNDA:3,handleInputChange
FNDA:1,handleSearch
DA:1,1
DA:3,1
DA:5,1
DA:6,20
DA:8,20
DA:9,3
DA:10,3
DA:12,20
DA:13,1
DA:14,1
DA:15,1
DA:17,20
DA:18,20
DA:19,20
DA:20,20
DA:21,20
DA:22,20
DA:23,20
DA:24,20
DA:25,20
DA:26,20
DA:27,20
DA:29,20
DA:30,20
DA:32,20
DA:34,1
LF:26
LH:26
BRDA:5,0,0,20
BRDA:8,1,0,3
BRDA:12,2,0,1
BRF:3
BRH:3
end_of_record
TN:
SF:src/components/ThrowErrorButto/ThrowErrorButton.tsx
FN:3,ThrowErrorButton
FN:4,throwError
FNF:2
FNH:2
FNDA:26,ThrowErrorButton
FNDA:5,throwError
DA:1,1
DA:3,1
DA:4,26
DA:5,5
DA:6,5
DA:7,26
DA:8,26
DA:10,26
DA:12,26
DA:14,1
LF:10
LH:10
BRDA:3,0,0,26
BRDA:4,1,0,5
BRF:2
BRH:2
end_of_record
TN:
SF:src/pages/CharacterDetails/CharacterDetails.tsx
FN:8,CharacterDetails
FN:28,fetchData
FN:48,closeDetails
FNF:3
FNH:2
FNDA:9,CharacterDetails
FNDA:5,fetchData
FNDA:0,closeDetails
DA:1,1
DA:2,1
DA:3,1
DA:5,1
DA:6,1
DA:8,1
DA:9,9
DA:10,9
DA:11,9
DA:12,9
DA:13,9
DA:14,9
DA:16,9
DA:17,9
DA:18,9
DA:19,9
DA:20,9
DA:22,9
DA:23,5
DA:24,0
DA:25,0
DA:26,0
DA:28,5
DA:29,5
DA:30,5
DA:31,5
DA:32,5
DA:33,0
DA:34,0
DA:35,0
DA:36,0
DA:37,0
DA:38,0
DA:39,0
DA:40,5
DA:42,5
DA:43,9
DA:44,9
DA:45,9
DA:46,5
DA:48,0
DA:49,0
DA:50,0
DA:52,0
DA:53,0
DA:54,0
DA:56,0
DA:57,0
DA:58,0
DA:59,0
DA:60,0
DA:61,0
DA:62,0
DA:63,0
DA:64,0
DA:65,0
DA:66,0
DA:67,0
DA:68,0
DA:69,0
DA:70,0
DA:71,0
DA:72,0
DA:73,0
DA:75,0
DA:77,1
LF:66
LH:31
BRDA:8,0,0,9
BRDA:44,1,0,5
BRDA:44,2,0,4
BRDA:45,3,0,0
BRDA:45,4,0,5
BRDA:46,5,0,0
BRDA:22,6,0,5
BRDA:23,7,0,0
BRDA:28,8,0,5
BRDA:32,9,0,0
BRF:10
BRH:6
end_of_record
TN:
SF:src/pages/Main/Main.tsx
FN:13,Main
FN:27,fetchData
FN:49,onSearch
FN:58,onCardClick
FNF:4
FNH:2
FNDA:14,Main
FNDA:7,fetchData
FNDA:0,onSearch
FNDA:0,onCardClick
DA:1,1
DA:2,1
DA:3,1
DA:4,1
DA:5,1
DA:6,1
DA:8,1
DA:9,1
DA:10,1
DA:11,1
DA:13,1
DA:14,14
DA:15,14
DA:17,14
DA:18,14
DA:20,14
DA:21,14
DA:22,14
DA:23,14
DA:24,14
DA:26,14
DA:27,7
DA:28,7
DA:29,7
DA:30,7
DA:31,7
DA:32,0
DA:33,0
DA:34,0
DA:35,0
DA:36,0
DA:37,0
DA:38,0
DA:39,7
DA:41,7
DA:42,14
DA:44,14
DA:45,14
DA:46,14
DA:47,14
DA:48,14
DA:49,14
DA:50,14
DA:51,14
DA:52,14
DA:53,14
DA:54,7
DA:55,7
DA:56,7
DA:57,7
DA:58,7
DA:59,0
DA:61,7
DA:62,7
DA:63,7
DA:64,1
DA:65,1
DA:66,1
DA:67,1
DA:69,7
DA:71,14
DA:72,14
DA:73,14
DA:74,14
DA:76,14
DA:78,1
LF:66
LH:58
BRDA:13,0,0,14
BRDA:17,1,0,4
BRDA:18,2,0,4
BRDA:51,3,0,7
BRDA:52,4,0,0
BRDA:53,5,0,7
BRDA:53,6,0,7
BRDA:63,7,0,1
BRDA:26,8,0,7
BRDA:27,9,0,7
BRDA:31,10,0,0
BRF:11
BRH:9
end_of_record
TN:
SF:src/pages/NotFound/NotFound.tsx
FN:4,NotFound
FNF:1
FNH:1
FNDA:2,NotFound
DA:1,1
DA:2,1
DA:4,1
DA:5,2
DA:6,2
DA:7,2
DA:8,2
DA:9,2
DA:10,2
DA:11,2
DA:13,2
DA:15,1
LF:12
LH:12
BRDA:4,0,0,2
BRF:1
BRH:1
end_of_record
